Arguments: 
  /Users/apple/.nvm/versions/node/v10.16.3/bin/node /Users/apple/.nvm/versions/node/v10.16.3/bin/yarn init

PATH: 
  /Users/apple/.nvm/versions/node/v10.16.3/bin:/Users/apple/bin:/usr/local/bin:/usr/local/bin:/usr/bin:/bin:/usr/sbin:/sbin:/Users/apple/.nvm/versions/node/v10.16.3/bin:/Users/apple/bin

Yarn version: 
  1.22.19

Node version: 
  10.16.3

Platform: 
  darwin x64

Trace: 
  Error: canceled
      at Interface.<anonymous> (/Users/apple/.nvm/versions/node/v10.16.3/lib/node_modules/yarn/lib/cli.js:137150:13)
      at Interface.emit (events.js:198:13)
      at Interface._ttyWrite (readline.js:801:16)
      at ReadStream.onkeypress (readline.js:184:10)
      at ReadStream.emit (events.js:198:13)
      at emitKeys (internal/readline.js:424:14)
      at emitKeys.next (<anonymous>)
      at ReadStream.onData (readline.js:1075:36)
      at ReadStream.emit (events.js:198:13)
      at addChunk (_stream_readable.js:288:12)

npm manifest: 
  No manifest

yarn manifest: 
  No manifest

Lockfile: 
  No lockfile
